<?xml version="1.0" encoding="UTF-8"?>
<testsuite xmlns:xsi="http://www.w3.org/2001/XMLSchema-instance" xsi:noNamespaceSchemaLocation="https://maven.apache.org/surefire/maven-surefire-plugin/xsd/surefire-test-report.xsd" name="com.adgerjay518.MyblogApplicationTests" time="5.016" tests="1" errors="0" skipped="0" failures="0">
  <properties>
    <property name="sun.desktop" value="windows"/>
    <property name="awt.toolkit" value="sun.awt.windows.WToolkit"/>
    <property name="file.encoding.pkg" value="sun.io"/>
    <property name="java.specification.version" value="1.8"/>
    <property name="sun.cpu.isalist" value="amd64"/>
    <property name="sun.jnu.encoding" value="GBK"/>
    <property name="java.class.path" value="D:\MyProject\myblog\target\test-classes;D:\MyProject\myblog\target\classes;D:\develop\maven_repository\com\github\pagehelper\pagehelper-spring-boot-starter\1.2.5\pagehelper-spring-boot-starter-1.2.5.jar;D:\develop\maven_repository\org\springframework\boot\spring-boot-starter\2.3.5.RELEASE\spring-boot-starter-2.3.5.RELEASE.jar;D:\develop\maven_repository\org\springframework\boot\spring-boot-starter-logging\2.3.5.RELEASE\spring-boot-starter-logging-2.3.5.RELEASE.jar;D:\develop\maven_repository\ch\qos\logback\logback-classic\1.2.3\logback-classic-1.2.3.jar;D:\develop\maven_repository\ch\qos\logback\logback-core\1.2.3\logback-core-1.2.3.jar;D:\develop\maven_repository\org\apache\logging\log4j\log4j-to-slf4j\2.13.3\log4j-to-slf4j-2.13.3.jar;D:\develop\maven_repository\org\apache\logging\log4j\log4j-api\2.13.3\log4j-api-2.13.3.jar;D:\develop\maven_repository\org\slf4j\jul-to-slf4j\1.7.30\jul-to-slf4j-1.7.30.jar;D:\develop\maven_repository\jakarta\annotation\jakarta.annotation-api\1.3.5\jakarta.annotation-api-1.3.5.jar;D:\develop\maven_repository\org\yaml\snakeyaml\1.26\snakeyaml-1.26.jar;D:\develop\maven_repository\com\github\pagehelper\pagehelper-spring-boot-autoconfigure\1.2.5\pagehelper-spring-boot-autoconfigure-1.2.5.jar;D:\develop\maven_repository\com\github\pagehelper\pagehelper\5.1.4\pagehelper-5.1.4.jar;D:\develop\maven_repository\com\github\jsqlparser\jsqlparser\1.0\jsqlparser-1.0.jar;D:\develop\maven_repository\org\springframework\boot\spring-boot-starter-validation\2.3.5.RELEASE\spring-boot-starter-validation-2.3.5.RELEASE.jar;D:\develop\maven_repository\org\glassfish\jakarta.el\3.0.3\jakarta.el-3.0.3.jar;D:\develop\maven_repository\org\hibernate\validator\hibernate-validator\6.1.6.Final\hibernate-validator-6.1.6.Final.jar;D:\develop\maven_repository\jakarta\validation\jakarta.validation-api\2.0.2\jakarta.validation-api-2.0.2.jar;D:\develop\maven_repository\org\jboss\logging\jboss-logging\3.4.1.Final\jboss-logging-3.4.1.Final.jar;D:\develop\maven_repository\com\fasterxml\classmate\1.5.1\classmate-1.5.1.jar;D:\develop\maven_repository\cn\hutool\hutool-all\5.3.3\hutool-all-5.3.3.jar;D:\develop\maven_repository\com\alibaba\fastjson\1.2.75\fastjson-1.2.75.jar;D:\develop\maven_repository\org\crazycake\shiro-redis\3.3.1\shiro-redis-3.3.1.jar;D:\develop\maven_repository\redis\clients\jedis\3.3.0\jedis-3.3.0.jar;D:\develop\maven_repository\org\apache\commons\commons-pool2\2.8.1\commons-pool2-2.8.1.jar;D:\develop\maven_repository\org\slf4j\slf4j-api\1.7.30\slf4j-api-1.7.30.jar;D:\develop\maven_repository\org\apache\shiro\shiro-core\1.6.0\shiro-core-1.6.0.jar;D:\develop\maven_repository\org\apache\shiro\shiro-lang\1.6.0\shiro-lang-1.6.0.jar;D:\develop\maven_repository\org\apache\shiro\shiro-cache\1.6.0\shiro-cache-1.6.0.jar;D:\develop\maven_repository\org\apache\shiro\shiro-crypto-hash\1.6.0\shiro-crypto-hash-1.6.0.jar;D:\develop\maven_repository\org\apache\shiro\shiro-crypto-core\1.6.0\shiro-crypto-core-1.6.0.jar;D:\develop\maven_repository\org\apache\shiro\shiro-crypto-cipher\1.6.0\shiro-crypto-cipher-1.6.0.jar;D:\develop\maven_repository\org\apache\shiro\shiro-config-core\1.6.0\shiro-config-core-1.6.0.jar;D:\develop\maven_repository\org\apache\shiro\shiro-config-ogdl\1.6.0\shiro-config-ogdl-1.6.0.jar;D:\develop\maven_repository\commons-beanutils\commons-beanutils\1.9.4\commons-beanutils-1.9.4.jar;D:\develop\maven_repository\org\apache\shiro\shiro-event\1.6.0\shiro-event-1.6.0.jar;D:\develop\maven_repository\org\apache\maven\plugins\maven-checkstyle-plugin\3.1.0\maven-checkstyle-plugin-3.1.0.jar;D:\develop\maven_repository\org\apache\maven\maven-artifact\3.0\maven-artifact-3.0.jar;D:\develop\maven_repository\org\apache\maven\maven-core\3.0\maven-core-3.0.jar;D:\develop\maven_repository\org\apache\maven\maven-settings-builder\3.0\maven-settings-builder-3.0.jar;D:\develop\maven_repository\org\apache\maven\maven-repository-metadata\3.0\maven-repository-metadata-3.0.jar;D:\develop\maven_repository\org\apache\maven\maven-model-builder\3.0\maven-model-builder-3.0.jar;D:\develop\maven_repository\org\apache\maven\maven-aether-provider\3.0\maven-aether-provider-3.0.jar;D:\develop\maven_repository\org\sonatype\aether\aether-impl\1.7\aether-impl-1.7.jar;D:\develop\maven_repository\org\sonatype\aether\aether-spi\1.7\aether-spi-1.7.jar;D:\develop\maven_repository\org\sonatype\aether\aether-api\1.7\aether-api-1.7.jar;D:\develop\maven_repository\org\sonatype\aether\aether-util\1.7\aether-util-1.7.jar;D:\develop\maven_repository\org\sonatype\sisu\sisu-inject-plexus\1.4.2\sisu-inject-plexus-1.4.2.jar;D:\develop\maven_repository\org\sonatype\sisu\sisu-inject-bean\1.4.2\sisu-inject-bean-1.4.2.jar;D:\develop\maven_repository\org\sonatype\sisu\sisu-guice\2.1.7\sisu-guice-2.1.7-noaop.jar;D:\develop\maven_repository\org\codehaus\plexus\plexus-classworlds\2.2.3\plexus-classworlds-2.2.3.jar;D:\develop\maven_repository\org\sonatype\plexus\plexus-sec-dispatcher\1.3\plexus-sec-dispatcher-1.3.jar;D:\develop\maven_repository\org\sonatype\plexus\plexus-cipher\1.4\plexus-cipher-1.4.jar;D:\develop\maven_repository\org\apache\maven\maven-model\3.0\maven-model-3.0.jar;D:\develop\maven_repository\org\apache\maven\maven-plugin-api\3.0\maven-plugin-api-3.0.jar;D:\develop\maven_repository\org\apache\maven\reporting\maven-reporting-api\3.0\maven-reporting-api-3.0.jar;D:\develop\maven_repository\org\apache\maven\reporting\maven-reporting-impl\2.3\maven-reporting-impl-2.3.jar;D:\develop\maven_repository\org\apache\maven\shared\maven-shared-utils\0.6\maven-shared-utils-0.6.jar;D:\develop\maven_repository\com\google\code\findbugs\jsr305\2.0.1\jsr305-2.0.1.jar;D:\develop\maven_repository\org\apache\maven\doxia\doxia-core\1.2\doxia-core-1.2.jar;D:\develop\maven_repository\xerces\xercesImpl\2.9.1\xercesImpl-2.9.1.jar;D:\develop\maven_repository\xml-apis\xml-apis\1.3.04\xml-apis-1.3.04.jar;D:\develop\maven_repository\commons-validator\commons-validator\1.3.1\commons-validator-1.3.1.jar;D:\develop\maven_repository\commons-digester\commons-digester\1.6\commons-digester-1.6.jar;D:\develop\maven_repository\commons-logging\commons-logging\1.0.4\commons-logging-1.0.4.jar;D:\develop\maven_repository\org\apache\maven\doxia\doxia-sink-api\1.4\doxia-sink-api-1.4.jar;D:\develop\maven_repository\org\apache\maven\doxia\doxia-logging-api\1.4\doxia-logging-api-1.4.jar;D:\develop\maven_repository\org\apache\maven\doxia\doxia-decoration-model\1.4\doxia-decoration-model-1.4.jar;D:\develop\maven_repository\org\apache\maven\doxia\doxia-site-renderer\1.4\doxia-site-renderer-1.4.jar;D:\develop\maven_repository\org\apache\maven\doxia\doxia-module-xhtml\1.4\doxia-module-xhtml-1.4.jar;D:\develop\maven_repository\org\apache\maven\doxia\doxia-module-fml\1.4\doxia-module-fml-1.4.jar;D:\develop\maven_repository\org\codehaus\plexus\plexus-i18n\1.0-beta-7\plexus-i18n-1.0-beta-7.jar;D:\develop\maven_repository\org\apache\velocity\velocity-tools\2.0\velocity-tools-2.0.jar;D:\develop\maven_repository\commons-chain\commons-chain\1.1\commons-chain-1.1.jar;D:\develop\maven_repository\dom4j\dom4j\1.1\dom4j-1.1.jar;D:\develop\maven_repository\sslext\sslext\1.2-0\sslext-1.2-0.jar;D:\develop\maven_repository\org\apache\struts\struts-core\1.3.8\struts-core-1.3.8.jar;D:\develop\maven_repository\org\apache\struts\struts-taglib\1.3.8\struts-taglib-1.3.8.jar;D:\develop\maven_repository\org\apache\struts\struts-tiles\1.3.8\struts-tiles-1.3.8.jar;D:\develop\maven_repository\org\apache\maven\doxia\doxia-integration-tools\1.6\doxia-integration-tools-1.6.jar;D:\develop\maven_repository\org\codehaus\plexus\plexus-container-default\1.0-alpha-9\plexus-container-default-1.0-alpha-9.jar;D:\develop\maven_repository\classworlds\classworlds\1.1-alpha-2\classworlds-1.1-alpha-2.jar;D:\develop\maven_repository\org\codehaus\plexus\plexus-component-annotations\1.7.1\plexus-component-annotations-1.7.1.jar;D:\develop\maven_repository\org\codehaus\plexus\plexus-resources\1.1.0\plexus-resources-1.1.0.jar;D:\develop\maven_repository\org\codehaus\plexus\plexus-utils\3.0.24\plexus-utils-3.0.24.jar;D:\develop\maven_repository\org\codehaus\plexus\plexus-interpolation\1.24\plexus-interpolation-1.24.jar;D:\develop\maven_repository\org\codehaus\plexus\plexus-velocity\1.1.8\plexus-velocity-1.1.8.jar;D:\develop\maven_repository\com\puppycrawl\tools\checkstyle\8.19\checkstyle-8.19.jar;D:\develop\maven_repository\info\picocli\picocli\3.9.5\picocli-3.9.5.jar;D:\develop\maven_repository\antlr\antlr\2.7.7\antlr-2.7.7.jar;D:\develop\maven_repository\org\antlr\antlr4-runtime\4.7.2\antlr4-runtime-4.7.2.jar;D:\develop\maven_repository\com\google\guava\guava\27.1-jre\guava-27.1-jre.jar;D:\develop\maven_repository\com\google\guava\failureaccess\1.0.1\failureaccess-1.0.1.jar;D:\develop\maven_repository\com\google\guava\listenablefuture\9999.0-empty-to-avoid-conflict-with-guava\listenablefuture-9999.0-empty-to-avoid-conflict-with-guava.jar;D:\develop\maven_repository\org\checkerframework\checker-qual\2.5.2\checker-qual-2.5.2.jar;D:\develop\maven_repository\com\google\errorprone\error_prone_annotations\2.2.0\error_prone_annotations-2.2.0.jar;D:\develop\maven_repository\com\google\j2objc\j2objc-annotations\1.1\j2objc-annotations-1.1.jar;D:\develop\maven_repository\org\codehaus\mojo\animal-sniffer-annotations\1.17\animal-sniffer-annotations-1.17.jar;D:\develop\maven_repository\net\sf\saxon\Saxon-HE\9.9.1-2\Saxon-HE-9.9.1-2.jar;D:\develop\maven_repository\com\ibm\icu\icu4j\63.1\icu4j-63.1.jar;D:\develop\maven_repository\org\apache\velocity\velocity\1.5\velocity-1.5.jar;D:\develop\maven_repository\commons-lang\commons-lang\2.1\commons-lang-2.1.jar;D:\develop\maven_repository\oro\oro\2.0.8\oro-2.0.8.jar;D:\develop\maven_repository\commons-collections\commons-collections\3.2.1\commons-collections-3.2.1.jar;D:\develop\maven_repository\org\apache\maven\plugins\maven-source-plugin\3.2.1\maven-source-plugin-3.2.1.jar;D:\develop\maven_repository\org\apache\maven\maven-archiver\3.5.0\maven-archiver-3.5.0.jar;D:\develop\maven_repository\org\codehaus\plexus\plexus-archiver\4.2.1\plexus-archiver-4.2.1.jar;D:\develop\maven_repository\org\apache\commons\commons-compress\1.19\commons-compress-1.19.jar;D:\develop\maven_repository\org\iq80\snappy\snappy\0.4\snappy-0.4.jar;D:\develop\maven_repository\org\tukaani\xz\1.8\xz-1.8.jar;D:\develop\maven_repository\org\apache\maven\plugins\maven-javadoc-plugin\3.2.0\maven-javadoc-plugin-3.2.0.jar;D:\develop\maven_repository\org\apache\maven\maven-settings\3.0\maven-settings-3.0.jar;D:\develop\maven_repository\org\apache\maven\shared\maven-invoker\3.0.0\maven-invoker-3.0.0.jar;D:\develop\maven_repository\org\apache\maven\shared\maven-common-artifact-filters\3.0.0\maven-common-artifact-filters-3.0.0.jar;D:\develop\maven_repository\org\apache\maven\shared\maven-artifact-transfer\0.10.1\maven-artifact-transfer-0.10.1.jar;D:\develop\maven_repository\commons-codec\commons-codec\1.14\commons-codec-1.14.jar;D:\develop\maven_repository\org\apache\maven\wagon\wagon-provider-api\2.4\wagon-provider-api-2.4.jar;D:\develop\maven_repository\org\apache\commons\commons-lang3\3.10\commons-lang3-3.10.jar;D:\develop\maven_repository\commons-io\commons-io\2.5\commons-io-2.5.jar;D:\develop\maven_repository\org\apache\httpcomponents\httpclient\4.5.13\httpclient-4.5.13.jar;D:\develop\maven_repository\org\apache\httpcomponents\httpcore\4.4.13\httpcore-4.4.13.jar;D:\develop\maven_repository\com\thoughtworks\qdox\qdox\2.0-M10\qdox-2.0-M10.jar;D:\develop\maven_repository\org\codehaus\plexus\plexus-java\1.0.5\plexus-java-1.0.5.jar;D:\develop\maven_repository\org\ow2\asm\asm\7.2\asm-7.2.jar;D:\develop\maven_repository\org\codehaus\plexus\plexus-io\3.2.0\plexus-io-3.2.0.jar;D:\develop\maven_repository\org\codehaus\plexus\plexus-interactivity-api\1.0-alpha-6\plexus-interactivity-api-1.0-alpha-6.jar;D:\develop\maven_repository\org\apache\maven\plugins\maven-surefire-plugin\2.22.0\maven-surefire-plugin-2.22.0.jar;D:\develop\maven_repository\org\apache\maven\surefire\maven-surefire-common\2.22.0\maven-surefire-common-2.22.0.jar;D:\develop\maven_repository\org\apache\maven\plugin-tools\maven-plugin-annotations\3.5\maven-plugin-annotations-3.5.jar;D:\develop\maven_repository\org\apache\maven\surefire\surefire-api\2.22.0\surefire-api-2.22.0.jar;D:\develop\maven_repository\org\apache\maven\surefire\surefire-logger-api\2.22.0\surefire-logger-api-2.22.0.jar;D:\develop\maven_repository\org\apache\maven\surefire\surefire-booter\2.22.0\surefire-booter-2.22.0.jar;D:\develop\maven_repository\org\apache\maven\maven-plugin-descriptor\2.2.1\maven-plugin-descriptor-2.2.1.jar;D:\develop\maven_repository\org\apache\maven\maven-project\2.2.1\maven-project-2.2.1.jar;D:\develop\maven_repository\org\apache\maven\maven-profile\2.2.1\maven-profile-2.2.1.jar;D:\develop\maven_repository\org\apache\maven\maven-artifact-manager\2.2.1\maven-artifact-manager-2.2.1.jar;D:\develop\maven_repository\backport-util-concurrent\backport-util-concurrent\3.1\backport-util-concurrent-3.1.jar;D:\develop\maven_repository\org\apache\maven\maven-plugin-registry\2.2.1\maven-plugin-registry-2.2.1.jar;D:\develop\maven_repository\org\apache\maven\maven-toolchain\2.2.1\maven-toolchain-2.2.1.jar;D:\develop\maven_repository\org\crazycake\shiro-redis-spring-boot-starter\3.3.1\shiro-redis-spring-boot-starter-3.3.1.jar;D:\develop\maven_repository\org\springframework\boot\spring-boot-autoconfigure\2.3.5.RELEASE\spring-boot-autoconfigure-2.3.5.RELEASE.jar;D:\develop\maven_repository\org\apache\shiro\shiro-spring-boot-web-starter\1.6.0\shiro-spring-boot-web-starter-1.6.0.jar;D:\develop\maven_repository\org\apache\shiro\shiro-spring-boot-starter\1.6.0\shiro-spring-boot-starter-1.6.0.jar;D:\develop\maven_repository\org\apache\shiro\shiro-spring\1.6.0\shiro-spring-1.6.0.jar;D:\develop\maven_repository\org\apache\shiro\shiro-web\1.6.0\shiro-web-1.6.0.jar;D:\develop\maven_repository\org\owasp\encoder\encoder\1.2.2\encoder-1.2.2.jar;D:\develop\maven_repository\io\jsonwebtoken\jjwt\0.9.1\jjwt-0.9.1.jar;D:\develop\maven_repository\com\fasterxml\jackson\core\jackson-databind\2.11.3\jackson-databind-2.11.3.jar;D:\develop\maven_repository\com\fasterxml\jackson\core\jackson-annotations\2.11.3\jackson-annotations-2.11.3.jar;D:\develop\maven_repository\com\fasterxml\jackson\core\jackson-core\2.11.3\jackson-core-2.11.3.jar;D:\develop\maven_repository\org\springframework\boot\spring-boot-starter-web\2.3.5.RELEASE\spring-boot-starter-web-2.3.5.RELEASE.jar;D:\develop\maven_repository\org\springframework\boot\spring-boot-starter-json\2.3.5.RELEASE\spring-boot-starter-json-2.3.5.RELEASE.jar;D:\develop\maven_repository\com\fasterxml\jackson\datatype\jackson-datatype-jdk8\2.11.3\jackson-datatype-jdk8-2.11.3.jar;D:\develop\maven_repository\com\fasterxml\jackson\datatype\jackson-datatype-jsr310\2.11.3\jackson-datatype-jsr310-2.11.3.jar;D:\develop\maven_repository\com\fasterxml\jackson\module\jackson-module-parameter-names\2.11.3\jackson-module-parameter-names-2.11.3.jar;D:\develop\maven_repository\org\springframework\boot\spring-boot-starter-tomcat\2.3.5.RELEASE\spring-boot-starter-tomcat-2.3.5.RELEASE.jar;D:\develop\maven_repository\org\apache\tomcat\embed\tomcat-embed-core\9.0.39\tomcat-embed-core-9.0.39.jar;D:\develop\maven_repository\org\apache\tomcat\embed\tomcat-embed-websocket\9.0.39\tomcat-embed-websocket-9.0.39.jar;D:\develop\maven_repository\org\springframework\spring-web\5.2.10.RELEASE\spring-web-5.2.10.RELEASE.jar;D:\develop\maven_repository\org\springframework\spring-beans\5.2.10.RELEASE\spring-beans-5.2.10.RELEASE.jar;D:\develop\maven_repository\org\springframework\spring-webmvc\5.2.10.RELEASE\spring-webmvc-5.2.10.RELEASE.jar;D:\develop\maven_repository\org\springframework\spring-aop\5.2.10.RELEASE\spring-aop-5.2.10.RELEASE.jar;D:\develop\maven_repository\org\springframework\spring-context\5.2.10.RELEASE\spring-context-5.2.10.RELEASE.jar;D:\develop\maven_repository\org\springframework\spring-expression\5.2.10.RELEASE\spring-expression-5.2.10.RELEASE.jar;D:\develop\maven_repository\org\springframework\boot\spring-boot-starter-jdbc\2.3.5.RELEASE\spring-boot-starter-jdbc-2.3.5.RELEASE.jar;D:\develop\maven_repository\com\zaxxer\HikariCP\3.4.5\HikariCP-3.4.5.jar;D:\develop\maven_repository\org\springframework\spring-jdbc\5.2.10.RELEASE\spring-jdbc-5.2.10.RELEASE.jar;D:\develop\maven_repository\org\springframework\spring-tx\5.2.10.RELEASE\spring-tx-5.2.10.RELEASE.jar;D:\develop\maven_repository\org\springframework\boot\spring-boot-starter-test\2.3.5.RELEASE\spring-boot-starter-test-2.3.5.RELEASE.jar;D:\develop\maven_repository\org\springframework\boot\spring-boot-test\2.3.5.RELEASE\spring-boot-test-2.3.5.RELEASE.jar;D:\develop\maven_repository\org\springframework\boot\spring-boot-test-autoconfigure\2.3.5.RELEASE\spring-boot-test-autoconfigure-2.3.5.RELEASE.jar;D:\develop\maven_repository\com\jayway\jsonpath\json-path\2.4.0\json-path-2.4.0.jar;D:\develop\maven_repository\net\minidev\json-smart\2.3\json-smart-2.3.jar;D:\develop\maven_repository\net\minidev\accessors-smart\1.2\accessors-smart-1.2.jar;D:\develop\maven_repository\jakarta\xml\bind\jakarta.xml.bind-api\2.3.3\jakarta.xml.bind-api-2.3.3.jar;D:\develop\maven_repository\jakarta\activation\jakarta.activation-api\1.2.2\jakarta.activation-api-1.2.2.jar;D:\develop\maven_repository\org\assertj\assertj-core\3.16.1\assertj-core-3.16.1.jar;D:\develop\maven_repository\org\hamcrest\hamcrest\2.2\hamcrest-2.2.jar;D:\develop\maven_repository\org\junit\jupiter\junit-jupiter\5.6.3\junit-jupiter-5.6.3.jar;D:\develop\maven_repository\org\junit\jupiter\junit-jupiter-api\5.6.3\junit-jupiter-api-5.6.3.jar;D:\develop\maven_repository\org\junit\jupiter\junit-jupiter-params\5.6.3\junit-jupiter-params-5.6.3.jar;D:\develop\maven_repository\org\junit\jupiter\junit-jupiter-engine\5.6.3\junit-jupiter-engine-5.6.3.jar;D:\develop\maven_repository\org\junit\vintage\junit-vintage-engine\5.6.3\junit-vintage-engine-5.6.3.jar;D:\develop\maven_repository\org\mockito\mockito-core\3.3.3\mockito-core-3.3.3.jar;D:\develop\maven_repository\net\bytebuddy\byte-buddy\1.10.17\byte-buddy-1.10.17.jar;D:\develop\maven_repository\net\bytebuddy\byte-buddy-agent\1.10.17\byte-buddy-agent-1.10.17.jar;D:\develop\maven_repository\org\objenesis\objenesis\2.6\objenesis-2.6.jar;D:\develop\maven_repository\org\mockito\mockito-junit-jupiter\3.3.3\mockito-junit-jupiter-3.3.3.jar;D:\develop\maven_repository\org\skyscreamer\jsonassert\1.5.0\jsonassert-1.5.0.jar;D:\develop\maven_repository\com\vaadin\external\google\android-json\0.0.20131108.vaadin1\android-json-0.0.20131108.vaadin1.jar;D:\develop\maven_repository\org\springframework\spring-core\5.2.10.RELEASE\spring-core-5.2.10.RELEASE.jar;D:\develop\maven_repository\org\springframework\spring-jcl\5.2.10.RELEASE\spring-jcl-5.2.10.RELEASE.jar;D:\develop\maven_repository\org\springframework\spring-test\5.2.10.RELEASE\spring-test-5.2.10.RELEASE.jar;D:\develop\maven_repository\org\xmlunit\xmlunit-core\2.7.0\xmlunit-core-2.7.0.jar;D:\develop\maven_repository\org\springframework\boot\spring-boot-devtools\2.3.5.RELEASE\spring-boot-devtools-2.3.5.RELEASE.jar;D:\develop\maven_repository\org\springframework\boot\spring-boot\2.3.5.RELEASE\spring-boot-2.3.5.RELEASE.jar;D:\develop\maven_repository\mysql\mysql-connector-java\8.0.22\mysql-connector-java-8.0.22.jar;D:\develop\maven_repository\org\projectlombok\lombok\1.18.16\lombok-1.18.16.jar;D:\develop\maven_repository\org\mybatis\spring\boot\mybatis-spring-boot-starter\2.0.1\mybatis-spring-boot-starter-2.0.1.jar;D:\develop\maven_repository\org\mybatis\spring\boot\mybatis-spring-boot-autoconfigure\2.0.1\mybatis-spring-boot-autoconfigure-2.0.1.jar;D:\develop\maven_repository\org\mybatis\mybatis\3.5.1\mybatis-3.5.1.jar;D:\develop\maven_repository\org\mybatis\mybatis-spring\2.0.1\mybatis-spring-2.0.1.jar;D:\develop\maven_repository\junit\junit\4.13.1\junit-4.13.1.jar;D:\develop\maven_repository\org\hamcrest\hamcrest-core\2.2\hamcrest-core-2.2.jar;D:\develop\maven_repository\com\alibaba\druid\1.2.1\druid-1.2.1.jar;D:\develop\maven_repository\org\springframework\boot\spring-boot-configuration-processor\2.3.5.RELEASE\spring-boot-configuration-processor-2.3.5.RELEASE.jar;D:\develop\maven_repository\org\junit\platform\junit-platform-launcher\1.6.3\junit-platform-launcher-1.6.3.jar;D:\develop\maven_repository\org\apiguardian\apiguardian-api\1.1.0\apiguardian-api-1.1.0.jar;D:\develop\maven_repository\org\junit\platform\junit-platform-engine\1.6.3\junit-platform-engine-1.6.3.jar;D:\develop\maven_repository\org\opentest4j\opentest4j\1.2.0\opentest4j-1.2.0.jar;D:\develop\maven_repository\org\junit\platform\junit-platform-commons\1.6.3\junit-platform-commons-1.6.3.jar;"/>
    <property name="java.vm.vendor" value="Oracle Corporation"/>
    <property name="sun.arch.data.model" value="64"/>
    <property name="user.variant" value=""/>
    <property name="java.vendor.url" value="http://java.oracle.com/"/>
    <property name="user.timezone" value="GMT+08:00"/>
    <property name="java.vm.specification.version" value="1.8"/>
    <property name="os.name" value="Windows 10"/>
    <property name="user.country" value="CN"/>
    <property name="sun.java.launcher" value="SUN_STANDARD"/>
    <property name="sun.boot.library.path" value="C:\Program Files\Java\jdk1.8.0_101\jre\bin"/>
    <property name="sun.java.command" value="C:\Users\99405\AppData\Local\Temp\surefire7350795134404753999\surefirebooter6343995335889322904.jar C:\Users\99405\AppData\Local\Temp\surefire7350795134404753999 2021-03-13T16-02-12_023-jvmRun1 surefire5648215870349411726tmp surefire_01463674466107084983tmp"/>
    <property name="surefire.test.class.path" value="D:\MyProject\myblog\target\test-classes;D:\MyProject\myblog\target\classes;D:\develop\maven_repository\com\github\pagehelper\pagehelper-spring-boot-starter\1.2.5\pagehelper-spring-boot-starter-1.2.5.jar;D:\develop\maven_repository\org\springframework\boot\spring-boot-starter\2.3.5.RELEASE\spring-boot-starter-2.3.5.RELEASE.jar;D:\develop\maven_repository\org\springframework\boot\spring-boot-starter-logging\2.3.5.RELEASE\spring-boot-starter-logging-2.3.5.RELEASE.jar;D:\develop\maven_repository\ch\qos\logback\logback-classic\1.2.3\logback-classic-1.2.3.jar;D:\develop\maven_repository\ch\qos\logback\logback-core\1.2.3\logback-core-1.2.3.jar;D:\develop\maven_repository\org\apache\logging\log4j\log4j-to-slf4j\2.13.3\log4j-to-slf4j-2.13.3.jar;D:\develop\maven_repository\org\apache\logging\log4j\log4j-api\2.13.3\log4j-api-2.13.3.jar;D:\develop\maven_repository\org\slf4j\jul-to-slf4j\1.7.30\jul-to-slf4j-1.7.30.jar;D:\develop\maven_repository\jakarta\annotation\jakarta.annotation-api\1.3.5\jakarta.annotation-api-1.3.5.jar;D:\develop\maven_repository\org\yaml\snakeyaml\1.26\snakeyaml-1.26.jar;D:\develop\maven_repository\com\github\pagehelper\pagehelper-spring-boot-autoconfigure\1.2.5\pagehelper-spring-boot-autoconfigure-1.2.5.jar;D:\develop\maven_repository\com\github\pagehelper\pagehelper\5.1.4\pagehelper-5.1.4.jar;D:\develop\maven_repository\com\github\jsqlparser\jsqlparser\1.0\jsqlparser-1.0.jar;D:\develop\maven_repository\org\springframework\boot\spring-boot-starter-validation\2.3.5.RELEASE\spring-boot-starter-validation-2.3.5.RELEASE.jar;D:\develop\maven_repository\org\glassfish\jakarta.el\3.0.3\jakarta.el-3.0.3.jar;D:\develop\maven_repository\org\hibernate\validator\hibernate-validator\6.1.6.Final\hibernate-validator-6.1.6.Final.jar;D:\develop\maven_repository\jakarta\validation\jakarta.validation-api\2.0.2\jakarta.validation-api-2.0.2.jar;D:\develop\maven_repository\org\jboss\logging\jboss-logging\3.4.1.Final\jboss-logging-3.4.1.Final.jar;D:\develop\maven_repository\com\fasterxml\classmate\1.5.1\classmate-1.5.1.jar;D:\develop\maven_repository\cn\hutool\hutool-all\5.3.3\hutool-all-5.3.3.jar;D:\develop\maven_repository\com\alibaba\fastjson\1.2.75\fastjson-1.2.75.jar;D:\develop\maven_repository\org\crazycake\shiro-redis\3.3.1\shiro-redis-3.3.1.jar;D:\develop\maven_repository\redis\clients\jedis\3.3.0\jedis-3.3.0.jar;D:\develop\maven_repository\org\apache\commons\commons-pool2\2.8.1\commons-pool2-2.8.1.jar;D:\develop\maven_repository\org\slf4j\slf4j-api\1.7.30\slf4j-api-1.7.30.jar;D:\develop\maven_repository\org\apache\shiro\shiro-core\1.6.0\shiro-core-1.6.0.jar;D:\develop\maven_repository\org\apache\shiro\shiro-lang\1.6.0\shiro-lang-1.6.0.jar;D:\develop\maven_repository\org\apache\shiro\shiro-cache\1.6.0\shiro-cache-1.6.0.jar;D:\develop\maven_repository\org\apache\shiro\shiro-crypto-hash\1.6.0\shiro-crypto-hash-1.6.0.jar;D:\develop\maven_repository\org\apache\shiro\shiro-crypto-core\1.6.0\shiro-crypto-core-1.6.0.jar;D:\develop\maven_repository\org\apache\shiro\shiro-crypto-cipher\1.6.0\shiro-crypto-cipher-1.6.0.jar;D:\develop\maven_repository\org\apache\shiro\shiro-config-core\1.6.0\shiro-config-core-1.6.0.jar;D:\develop\maven_repository\org\apache\shiro\shiro-config-ogdl\1.6.0\shiro-config-ogdl-1.6.0.jar;D:\develop\maven_repository\commons-beanutils\commons-beanutils\1.9.4\commons-beanutils-1.9.4.jar;D:\develop\maven_repository\org\apache\shiro\shiro-event\1.6.0\shiro-event-1.6.0.jar;D:\develop\maven_repository\org\apache\maven\plugins\maven-checkstyle-plugin\3.1.0\maven-checkstyle-plugin-3.1.0.jar;D:\develop\maven_repository\org\apache\maven\maven-artifact\3.0\maven-artifact-3.0.jar;D:\develop\maven_repository\org\apache\maven\maven-core\3.0\maven-core-3.0.jar;D:\develop\maven_repository\org\apache\maven\maven-settings-builder\3.0\maven-settings-builder-3.0.jar;D:\develop\maven_repository\org\apache\maven\maven-repository-metadata\3.0\maven-repository-metadata-3.0.jar;D:\develop\maven_repository\org\apache\maven\maven-model-builder\3.0\maven-model-builder-3.0.jar;D:\develop\maven_repository\org\apache\maven\maven-aether-provider\3.0\maven-aether-provider-3.0.jar;D:\develop\maven_repository\org\sonatype\aether\aether-impl\1.7\aether-impl-1.7.jar;D:\develop\maven_repository\org\sonatype\aether\aether-spi\1.7\aether-spi-1.7.jar;D:\develop\maven_repository\org\sonatype\aether\aether-api\1.7\aether-api-1.7.jar;D:\develop\maven_repository\org\sonatype\aether\aether-util\1.7\aether-util-1.7.jar;D:\develop\maven_repository\org\sonatype\sisu\sisu-inject-plexus\1.4.2\sisu-inject-plexus-1.4.2.jar;D:\develop\maven_repository\org\sonatype\sisu\sisu-inject-bean\1.4.2\sisu-inject-bean-1.4.2.jar;D:\develop\maven_repository\org\sonatype\sisu\sisu-guice\2.1.7\sisu-guice-2.1.7-noaop.jar;D:\develop\maven_repository\org\codehaus\plexus\plexus-classworlds\2.2.3\plexus-classworlds-2.2.3.jar;D:\develop\maven_repository\org\sonatype\plexus\plexus-sec-dispatcher\1.3\plexus-sec-dispatcher-1.3.jar;D:\develop\maven_repository\org\sonatype\plexus\plexus-cipher\1.4\plexus-cipher-1.4.jar;D:\develop\maven_repository\org\apache\maven\maven-model\3.0\maven-model-3.0.jar;D:\develop\maven_repository\org\apache\maven\maven-plugin-api\3.0\maven-plugin-api-3.0.jar;D:\develop\maven_repository\org\apache\maven\reporting\maven-reporting-api\3.0\maven-reporting-api-3.0.jar;D:\develop\maven_repository\org\apache\maven\reporting\maven-reporting-impl\2.3\maven-reporting-impl-2.3.jar;D:\develop\maven_repository\org\apache\maven\shared\maven-shared-utils\0.6\maven-shared-utils-0.6.jar;D:\develop\maven_repository\com\google\code\findbugs\jsr305\2.0.1\jsr305-2.0.1.jar;D:\develop\maven_repository\org\apache\maven\doxia\doxia-core\1.2\doxia-core-1.2.jar;D:\develop\maven_repository\xerces\xercesImpl\2.9.1\xercesImpl-2.9.1.jar;D:\develop\maven_repository\xml-apis\xml-apis\1.3.04\xml-apis-1.3.04.jar;D:\develop\maven_repository\commons-validator\commons-validator\1.3.1\commons-validator-1.3.1.jar;D:\develop\maven_repository\commons-digester\commons-digester\1.6\commons-digester-1.6.jar;D:\develop\maven_repository\commons-logging\commons-logging\1.0.4\commons-logging-1.0.4.jar;D:\develop\maven_repository\org\apache\maven\doxia\doxia-sink-api\1.4\doxia-sink-api-1.4.jar;D:\develop\maven_repository\org\apache\maven\doxia\doxia-logging-api\1.4\doxia-logging-api-1.4.jar;D:\develop\maven_repository\org\apache\maven\doxia\doxia-decoration-model\1.4\doxia-decoration-model-1.4.jar;D:\develop\maven_repository\org\apache\maven\doxia\doxia-site-renderer\1.4\doxia-site-renderer-1.4.jar;D:\develop\maven_repository\org\apache\maven\doxia\doxia-module-xhtml\1.4\doxia-module-xhtml-1.4.jar;D:\develop\maven_repository\org\apache\maven\doxia\doxia-module-fml\1.4\doxia-module-fml-1.4.jar;D:\develop\maven_repository\org\codehaus\plexus\plexus-i18n\1.0-beta-7\plexus-i18n-1.0-beta-7.jar;D:\develop\maven_repository\org\apache\velocity\velocity-tools\2.0\velocity-tools-2.0.jar;D:\develop\maven_repository\commons-chain\commons-chain\1.1\commons-chain-1.1.jar;D:\develop\maven_repository\dom4j\dom4j\1.1\dom4j-1.1.jar;D:\develop\maven_repository\sslext\sslext\1.2-0\sslext-1.2-0.jar;D:\develop\maven_repository\org\apache\struts\struts-core\1.3.8\struts-core-1.3.8.jar;D:\develop\maven_repository\org\apache\struts\struts-taglib\1.3.8\struts-taglib-1.3.8.jar;D:\develop\maven_repository\org\apache\struts\struts-tiles\1.3.8\struts-tiles-1.3.8.jar;D:\develop\maven_repository\org\apache\maven\doxia\doxia-integration-tools\1.6\doxia-integration-tools-1.6.jar;D:\develop\maven_repository\org\codehaus\plexus\plexus-container-default\1.0-alpha-9\plexus-container-default-1.0-alpha-9.jar;D:\develop\maven_repository\classworlds\classworlds\1.1-alpha-2\classworlds-1.1-alpha-2.jar;D:\develop\maven_repository\org\codehaus\plexus\plexus-component-annotations\1.7.1\plexus-component-annotations-1.7.1.jar;D:\develop\maven_repository\org\codehaus\plexus\plexus-resources\1.1.0\plexus-resources-1.1.0.jar;D:\develop\maven_repository\org\codehaus\plexus\plexus-utils\3.0.24\plexus-utils-3.0.24.jar;D:\develop\maven_repository\org\codehaus\plexus\plexus-interpolation\1.24\plexus-interpolation-1.24.jar;D:\develop\maven_repository\org\codehaus\plexus\plexus-velocity\1.1.8\plexus-velocity-1.1.8.jar;D:\develop\maven_repository\com\puppycrawl\tools\checkstyle\8.19\checkstyle-8.19.jar;D:\develop\maven_repository\info\picocli\picocli\3.9.5\picocli-3.9.5.jar;D:\develop\maven_repository\antlr\antlr\2.7.7\antlr-2.7.7.jar;D:\develop\maven_repository\org\antlr\antlr4-runtime\4.7.2\antlr4-runtime-4.7.2.jar;D:\develop\maven_repository\com\google\guava\guava\27.1-jre\guava-27.1-jre.jar;D:\develop\maven_repository\com\google\guava\failureaccess\1.0.1\failureaccess-1.0.1.jar;D:\develop\maven_repository\com\google\guava\listenablefuture\9999.0-empty-to-avoid-conflict-with-guava\listenablefuture-9999.0-empty-to-avoid-conflict-with-guava.jar;D:\develop\maven_repository\org\checkerframework\checker-qual\2.5.2\checker-qual-2.5.2.jar;D:\develop\maven_repository\com\google\errorprone\error_prone_annotations\2.2.0\error_prone_annotations-2.2.0.jar;D:\develop\maven_repository\com\google\j2objc\j2objc-annotations\1.1\j2objc-annotations-1.1.jar;D:\develop\maven_repository\org\codehaus\mojo\animal-sniffer-annotations\1.17\animal-sniffer-annotations-1.17.jar;D:\develop\maven_repository\net\sf\saxon\Saxon-HE\9.9.1-2\Saxon-HE-9.9.1-2.jar;D:\develop\maven_repository\com\ibm\icu\icu4j\63.1\icu4j-63.1.jar;D:\develop\maven_repository\org\apache\velocity\velocity\1.5\velocity-1.5.jar;D:\develop\maven_repository\commons-lang\commons-lang\2.1\commons-lang-2.1.jar;D:\develop\maven_repository\oro\oro\2.0.8\oro-2.0.8.jar;D:\develop\maven_repository\commons-collections\commons-collections\3.2.1\commons-collections-3.2.1.jar;D:\develop\maven_repository\org\apache\maven\plugins\maven-source-plugin\3.2.1\maven-source-plugin-3.2.1.jar;D:\develop\maven_repository\org\apache\maven\maven-archiver\3.5.0\maven-archiver-3.5.0.jar;D:\develop\maven_repository\org\codehaus\plexus\plexus-archiver\4.2.1\plexus-archiver-4.2.1.jar;D:\develop\maven_repository\org\apache\commons\commons-compress\1.19\commons-compress-1.19.jar;D:\develop\maven_repository\org\iq80\snappy\snappy\0.4\snappy-0.4.jar;D:\develop\maven_repository\org\tukaani\xz\1.8\xz-1.8.jar;D:\develop\maven_repository\org\apache\maven\plugins\maven-javadoc-plugin\3.2.0\maven-javadoc-plugin-3.2.0.jar;D:\develop\maven_repository\org\apache\maven\maven-settings\3.0\maven-settings-3.0.jar;D:\develop\maven_repository\org\apache\maven\shared\maven-invoker\3.0.0\maven-invoker-3.0.0.jar;D:\develop\maven_repository\org\apache\maven\shared\maven-common-artifact-filters\3.0.0\maven-common-artifact-filters-3.0.0.jar;D:\develop\maven_repository\org\apache\maven\shared\maven-artifact-transfer\0.10.1\maven-artifact-transfer-0.10.1.jar;D:\develop\maven_repository\commons-codec\commons-codec\1.14\commons-codec-1.14.jar;D:\develop\maven_repository\org\apache\maven\wagon\wagon-provider-api\2.4\wagon-provider-api-2.4.jar;D:\develop\maven_repository\org\apache\commons\commons-lang3\3.10\commons-lang3-3.10.jar;D:\develop\maven_repository\commons-io\commons-io\2.5\commons-io-2.5.jar;D:\develop\maven_repository\org\apache\httpcomponents\httpclient\4.5.13\httpclient-4.5.13.jar;D:\develop\maven_repository\org\apache\httpcomponents\httpcore\4.4.13\httpcore-4.4.13.jar;D:\develop\maven_repository\com\thoughtworks\qdox\qdox\2.0-M10\qdox-2.0-M10.jar;D:\develop\maven_repository\org\codehaus\plexus\plexus-java\1.0.5\plexus-java-1.0.5.jar;D:\develop\maven_repository\org\ow2\asm\asm\7.2\asm-7.2.jar;D:\develop\maven_repository\org\codehaus\plexus\plexus-io\3.2.0\plexus-io-3.2.0.jar;D:\develop\maven_repository\org\codehaus\plexus\plexus-interactivity-api\1.0-alpha-6\plexus-interactivity-api-1.0-alpha-6.jar;D:\develop\maven_repository\org\apache\maven\plugins\maven-surefire-plugin\2.22.0\maven-surefire-plugin-2.22.0.jar;D:\develop\maven_repository\org\apache\maven\surefire\maven-surefire-common\2.22.0\maven-surefire-common-2.22.0.jar;D:\develop\maven_repository\org\apache\maven\plugin-tools\maven-plugin-annotations\3.5\maven-plugin-annotations-3.5.jar;D:\develop\maven_repository\org\apache\maven\surefire\surefire-api\2.22.0\surefire-api-2.22.0.jar;D:\develop\maven_repository\org\apache\maven\surefire\surefire-logger-api\2.22.0\surefire-logger-api-2.22.0.jar;D:\develop\maven_repository\org\apache\maven\surefire\surefire-booter\2.22.0\surefire-booter-2.22.0.jar;D:\develop\maven_repository\org\apache\maven\maven-plugin-descriptor\2.2.1\maven-plugin-descriptor-2.2.1.jar;D:\develop\maven_repository\org\apache\maven\maven-project\2.2.1\maven-project-2.2.1.jar;D:\develop\maven_repository\org\apache\maven\maven-profile\2.2.1\maven-profile-2.2.1.jar;D:\develop\maven_repository\org\apache\maven\maven-artifact-manager\2.2.1\maven-artifact-manager-2.2.1.jar;D:\develop\maven_repository\backport-util-concurrent\backport-util-concurrent\3.1\backport-util-concurrent-3.1.jar;D:\develop\maven_repository\org\apache\maven\maven-plugin-registry\2.2.1\maven-plugin-registry-2.2.1.jar;D:\develop\maven_repository\org\apache\maven\maven-toolchain\2.2.1\maven-toolchain-2.2.1.jar;D:\develop\maven_repository\org\crazycake\shiro-redis-spring-boot-starter\3.3.1\shiro-redis-spring-boot-starter-3.3.1.jar;D:\develop\maven_repository\org\springframework\boot\spring-boot-autoconfigure\2.3.5.RELEASE\spring-boot-autoconfigure-2.3.5.RELEASE.jar;D:\develop\maven_repository\org\apache\shiro\shiro-spring-boot-web-starter\1.6.0\shiro-spring-boot-web-starter-1.6.0.jar;D:\develop\maven_repository\org\apache\shiro\shiro-spring-boot-starter\1.6.0\shiro-spring-boot-starter-1.6.0.jar;D:\develop\maven_repository\org\apache\shiro\shiro-spring\1.6.0\shiro-spring-1.6.0.jar;D:\develop\maven_repository\org\apache\shiro\shiro-web\1.6.0\shiro-web-1.6.0.jar;D:\develop\maven_repository\org\owasp\encoder\encoder\1.2.2\encoder-1.2.2.jar;D:\develop\maven_repository\io\jsonwebtoken\jjwt\0.9.1\jjwt-0.9.1.jar;D:\develop\maven_repository\com\fasterxml\jackson\core\jackson-databind\2.11.3\jackson-databind-2.11.3.jar;D:\develop\maven_repository\com\fasterxml\jackson\core\jackson-annotations\2.11.3\jackson-annotations-2.11.3.jar;D:\develop\maven_repository\com\fasterxml\jackson\core\jackson-core\2.11.3\jackson-core-2.11.3.jar;D:\develop\maven_repository\org\springframework\boot\spring-boot-starter-web\2.3.5.RELEASE\spring-boot-starter-web-2.3.5.RELEASE.jar;D:\develop\maven_repository\org\springframework\boot\spring-boot-starter-json\2.3.5.RELEASE\spring-boot-starter-json-2.3.5.RELEASE.jar;D:\develop\maven_repository\com\fasterxml\jackson\datatype\jackson-datatype-jdk8\2.11.3\jackson-datatype-jdk8-2.11.3.jar;D:\develop\maven_repository\com\fasterxml\jackson\datatype\jackson-datatype-jsr310\2.11.3\jackson-datatype-jsr310-2.11.3.jar;D:\develop\maven_repository\com\fasterxml\jackson\module\jackson-module-parameter-names\2.11.3\jackson-module-parameter-names-2.11.3.jar;D:\develop\maven_repository\org\springframework\boot\spring-boot-starter-tomcat\2.3.5.RELEASE\spring-boot-starter-tomcat-2.3.5.RELEASE.jar;D:\develop\maven_repository\org\apache\tomcat\embed\tomcat-embed-core\9.0.39\tomcat-embed-core-9.0.39.jar;D:\develop\maven_repository\org\apache\tomcat\embed\tomcat-embed-websocket\9.0.39\tomcat-embed-websocket-9.0.39.jar;D:\develop\maven_repository\org\springframework\spring-web\5.2.10.RELEASE\spring-web-5.2.10.RELEASE.jar;D:\develop\maven_repository\org\springframework\spring-beans\5.2.10.RELEASE\spring-beans-5.2.10.RELEASE.jar;D:\develop\maven_repository\org\springframework\spring-webmvc\5.2.10.RELEASE\spring-webmvc-5.2.10.RELEASE.jar;D:\develop\maven_repository\org\springframework\spring-aop\5.2.10.RELEASE\spring-aop-5.2.10.RELEASE.jar;D:\develop\maven_repository\org\springframework\spring-context\5.2.10.RELEASE\spring-context-5.2.10.RELEASE.jar;D:\develop\maven_repository\org\springframework\spring-expression\5.2.10.RELEASE\spring-expression-5.2.10.RELEASE.jar;D:\develop\maven_repository\org\springframework\boot\spring-boot-starter-jdbc\2.3.5.RELEASE\spring-boot-starter-jdbc-2.3.5.RELEASE.jar;D:\develop\maven_repository\com\zaxxer\HikariCP\3.4.5\HikariCP-3.4.5.jar;D:\develop\maven_repository\org\springframework\spring-jdbc\5.2.10.RELEASE\spring-jdbc-5.2.10.RELEASE.jar;D:\develop\maven_repository\org\springframework\spring-tx\5.2.10.RELEASE\spring-tx-5.2.10.RELEASE.jar;D:\develop\maven_repository\org\springframework\boot\spring-boot-starter-test\2.3.5.RELEASE\spring-boot-starter-test-2.3.5.RELEASE.jar;D:\develop\maven_repository\org\springframework\boot\spring-boot-test\2.3.5.RELEASE\spring-boot-test-2.3.5.RELEASE.jar;D:\develop\maven_repository\org\springframework\boot\spring-boot-test-autoconfigure\2.3.5.RELEASE\spring-boot-test-autoconfigure-2.3.5.RELEASE.jar;D:\develop\maven_repository\com\jayway\jsonpath\json-path\2.4.0\json-path-2.4.0.jar;D:\develop\maven_repository\net\minidev\json-smart\2.3\json-smart-2.3.jar;D:\develop\maven_repository\net\minidev\accessors-smart\1.2\accessors-smart-1.2.jar;D:\develop\maven_repository\jakarta\xml\bind\jakarta.xml.bind-api\2.3.3\jakarta.xml.bind-api-2.3.3.jar;D:\develop\maven_repository\jakarta\activation\jakarta.activation-api\1.2.2\jakarta.activation-api-1.2.2.jar;D:\develop\maven_repository\org\assertj\assertj-core\3.16.1\assertj-core-3.16.1.jar;D:\develop\maven_repository\org\hamcrest\hamcrest\2.2\hamcrest-2.2.jar;D:\develop\maven_repository\org\junit\jupiter\junit-jupiter\5.6.3\junit-jupiter-5.6.3.jar;D:\develop\maven_repository\org\junit\jupiter\junit-jupiter-api\5.6.3\junit-jupiter-api-5.6.3.jar;D:\develop\maven_repository\org\junit\jupiter\junit-jupiter-params\5.6.3\junit-jupiter-params-5.6.3.jar;D:\develop\maven_repository\org\junit\jupiter\junit-jupiter-engine\5.6.3\junit-jupiter-engine-5.6.3.jar;D:\develop\maven_repository\org\junit\vintage\junit-vintage-engine\5.6.3\junit-vintage-engine-5.6.3.jar;D:\develop\maven_repository\org\mockito\mockito-core\3.3.3\mockito-core-3.3.3.jar;D:\develop\maven_repository\net\bytebuddy\byte-buddy\1.10.17\byte-buddy-1.10.17.jar;D:\develop\maven_repository\net\bytebuddy\byte-buddy-agent\1.10.17\byte-buddy-agent-1.10.17.jar;D:\develop\maven_repository\org\objenesis\objenesis\2.6\objenesis-2.6.jar;D:\develop\maven_repository\org\mockito\mockito-junit-jupiter\3.3.3\mockito-junit-jupiter-3.3.3.jar;D:\develop\maven_repository\org\skyscreamer\jsonassert\1.5.0\jsonassert-1.5.0.jar;D:\develop\maven_repository\com\vaadin\external\google\android-json\0.0.20131108.vaadin1\android-json-0.0.20131108.vaadin1.jar;D:\develop\maven_repository\org\springframework\spring-core\5.2.10.RELEASE\spring-core-5.2.10.RELEASE.jar;D:\develop\maven_repository\org\springframework\spring-jcl\5.2.10.RELEASE\spring-jcl-5.2.10.RELEASE.jar;D:\develop\maven_repository\org\springframework\spring-test\5.2.10.RELEASE\spring-test-5.2.10.RELEASE.jar;D:\develop\maven_repository\org\xmlunit\xmlunit-core\2.7.0\xmlunit-core-2.7.0.jar;D:\develop\maven_repository\org\springframework\boot\spring-boot-devtools\2.3.5.RELEASE\spring-boot-devtools-2.3.5.RELEASE.jar;D:\develop\maven_repository\org\springframework\boot\spring-boot\2.3.5.RELEASE\spring-boot-2.3.5.RELEASE.jar;D:\develop\maven_repository\mysql\mysql-connector-java\8.0.22\mysql-connector-java-8.0.22.jar;D:\develop\maven_repository\org\projectlombok\lombok\1.18.16\lombok-1.18.16.jar;D:\develop\maven_repository\org\mybatis\spring\boot\mybatis-spring-boot-starter\2.0.1\mybatis-spring-boot-starter-2.0.1.jar;D:\develop\maven_repository\org\mybatis\spring\boot\mybatis-spring-boot-autoconfigure\2.0.1\mybatis-spring-boot-autoconfigure-2.0.1.jar;D:\develop\maven_repository\org\mybatis\mybatis\3.5.1\mybatis-3.5.1.jar;D:\develop\maven_repository\org\mybatis\mybatis-spring\2.0.1\mybatis-spring-2.0.1.jar;D:\develop\maven_repository\junit\junit\4.13.1\junit-4.13.1.jar;D:\develop\maven_repository\org\hamcrest\hamcrest-core\2.2\hamcrest-core-2.2.jar;D:\develop\maven_repository\com\alibaba\druid\1.2.1\druid-1.2.1.jar;D:\develop\maven_repository\org\springframework\boot\spring-boot-configuration-processor\2.3.5.RELEASE\spring-boot-configuration-processor-2.3.5.RELEASE.jar;D:\develop\maven_repository\org\junit\platform\junit-platform-launcher\1.6.3\junit-platform-launcher-1.6.3.jar;D:\develop\maven_repository\org\apiguardian\apiguardian-api\1.1.0\apiguardian-api-1.1.0.jar;D:\develop\maven_repository\org\junit\platform\junit-platform-engine\1.6.3\junit-platform-engine-1.6.3.jar;D:\develop\maven_repository\org\opentest4j\opentest4j\1.2.0\opentest4j-1.2.0.jar;D:\develop\maven_repository\org\junit\platform\junit-platform-commons\1.6.3\junit-platform-commons-1.6.3.jar;"/>
    <property name="sun.cpu.endian" value="little"/>
    <property name="user.home" value="C:\Users\99405"/>
    <property name="user.language" value="zh"/>
    <property name="java.specification.vendor" value="Oracle Corporation"/>
    <property name="java.home" value="C:\Program Files\Java\jdk1.8.0_101\jre"/>
    <property name="basedir" value="D:\MyProject\myblog"/>
    <property name="file.separator" value="\"/>
    <property name="line.separator" value="&#10;"/>
    <property name="java.vm.specification.vendor" value="Oracle Corporation"/>
    <property name="java.specification.name" value="Java Platform API Specification"/>
    <property name="java.awt.graphicsenv" value="sun.awt.Win32GraphicsEnvironment"/>
    <property name="surefire.real.class.path" value="C:\Users\99405\AppData\Local\Temp\surefire7350795134404753999\surefirebooter6343995335889322904.jar"/>
    <property name="sun.boot.class.path" value="C:\Program Files\Java\jdk1.8.0_101\jre\lib\resources.jar;C:\Program Files\Java\jdk1.8.0_101\jre\lib\rt.jar;C:\Program Files\Java\jdk1.8.0_101\jre\lib\sunrsasign.jar;C:\Program Files\Java\jdk1.8.0_101\jre\lib\jsse.jar;C:\Program Files\Java\jdk1.8.0_101\jre\lib\jce.jar;C:\Program Files\Java\jdk1.8.0_101\jre\lib\charsets.jar;C:\Program Files\Java\jdk1.8.0_101\jre\lib\jfr.jar;C:\Program Files\Java\jdk1.8.0_101\jre\classes"/>
    <property name="user.script" value=""/>
    <property name="sun.management.compiler" value="HotSpot 64-Bit Tiered Compilers"/>
    <property name="java.runtime.version" value="1.8.0_101-b13"/>
    <property name="user.name" value="吴政杰"/>
    <property name="path.separator" value=";"/>
    <property name="os.version" value="10.0"/>
    <property name="java.endorsed.dirs" value="C:\Program Files\Java\jdk1.8.0_101\jre\lib\endorsed"/>
    <property name="java.runtime.name" value="Java(TM) SE Runtime Environment"/>
    <property name="file.encoding" value="GBK"/>
    <property name="java.vm.name" value="Java HotSpot(TM) 64-Bit Server VM"/>
    <property name="localRepository" value="D:\develop\maven_repository"/>
    <property name="java.vendor.url.bug" value="http://bugreport.sun.com/bugreport/"/>
    <property name="java.io.tmpdir" value="C:\Users\99405\AppData\Local\Temp\"/>
    <property name="java.version" value="1.8.0_101"/>
    <property name="user.dir" value="D:\MyProject\myblog"/>
    <property name="os.arch" value="amd64"/>
    <property name="java.vm.specification.name" value="Java Virtual Machine Specification"/>
    <property name="java.awt.printerjob" value="sun.awt.windows.WPrinterJob"/>
    <property name="sun.os.patch.level" value=""/>
    <property name="java.library.path" value="C:\Program Files\Java\jdk1.8.0_101\jre\bin;C:\WINDOWS\Sun\Java\bin;C:\WINDOWS\system32;C:\WINDOWS;C:\ProgramData\Oracle\Java\javapath;C:\Program Files (x86)\Common Files\Oracle\Java\javapath;C:\windows\system32;C:\windows;C:\windows\System32\Wbem;C:\windows\System32\WindowsPowerShell\v1.0\;C:\windows\System32\OpenSSH\;C:\Program Files (x86)\NVIDIA Corporation\PhysX\Common;C:\Program Files\Java\jdk1.8.0_101\bin;&quot;D;\Program Files\Java\jre6&quot;;C:\Program Files\Intel\WiFi\bin\;C:\Program Files\Common Files\Intel\WirelessCommon\;C:\Program Files\Java\jdk1.8.0_101\bin;C:\WINDOWS\system32;C:\WINDOWS;C:\WINDOWS\System32\Wbem;C:\WINDOWS\System32\WindowsPowerShell\v1.0\;C:\WINDOWS\System32\OpenSSH\;C:\Program Files (x86)\Microsoft SQL Server\140\Tools\Binn\;C:\Program Files\Microsoft SQL Server\140\Tools\Binn\;C:\Program Files (x86)\Microsoft SQL Server\140\DTS\Binn\;C:\Program Files\Microsoft SQL Server\140\DTS\Binn\;C:\Program Files\Microsoft SQL Server\Client SDK\ODBC\130\Tools\Binn\;C:\Program Files (x86)\Microsoft SQL Server\150\DTS\Binn\;C:\Program Files\nodejs\;C:\Program Files\NVIDIA Corporation\NVIDIA NvDLISR;D:\ruanjian\bin;C:\Program Files (x86)\MySQL\MySQL Server 5.0\bin;C:\Program Files\dotnet\;D:\develop\MySQL\bin;D:\develop\apache-maven-3.5.2-bin\apache-maven-3.5.2\bin;C:\Program Files\Git\cmd;D:\Python\Python37\Scripts\;D:\Python\Python37\;C:\Users\99405\AppData\Local\Microsoft\WindowsApps;;C:\Users\99405\AppData\Roaming\npm;C:\Program Files\JetBrains\IntelliJ IDEA 2019.3\bin;;C:\Users\99405\AppData\Local\Programs\Microsoft VS Code\bin;C:\Users\99405\.dotnet\tools;."/>
    <property name="java.vm.info" value="mixed mode"/>
    <property name="java.vendor" value="Oracle Corporation"/>
    <property name="java.vm.version" value="25.101-b13"/>
    <property name="idea.version2019.3" value="true"/>
    <property name="java.ext.dirs" value="C:\Program Files\Java\jdk1.8.0_101\jre\lib\ext;C:\WINDOWS\Sun\Java\lib\ext"/>
    <property name="sun.io.unicode.encoding" value="UnicodeLittle"/>
    <property name="java.class.version" value="52.0"/>
  </properties>
  <testcase name="contextLoads" classname="com.adgerjay518.MyblogApplicationTests" time="0.376"/>
</testsuite>